2026-04-11 15:19:01,937 INFO:febex.controller:Controller process starting (pid=8174)
2026-04-11 15:19:01,986 INFO:febex.controller:Connecting to 127.0.0.1:50051 (device_id=1)
2026-04-11 15:19:01,987 INFO:febex.controller:P4Info: /media/sf_FeBEx/build/p4/febex.p4info.txtpb
2026-04-11 15:19:01,987 INFO:febex.controller:Binary: /media/sf_FeBEx/build/p4/febex.json
2026-04-11 15:19:01,989 INFO:finsy:[s1] Switch start (name='s1', address='127.0.0.1:50051', device_id=1, role_name='', initial_election_id=10)
2026-04-11 15:19:01,992 WARNING:finsy:[s1|Switch._run&] gNMI is not implemented
2026-04-11 15:19:01,992 INFO:finsy:[s1] Channel up (is_primary=True, role_name='', p4r=1.3.0): 
2026-04-11 15:19:02,014 INFO:finsy:[s1] Pipeline installed: pipeline='' version='' arch='v1model'
2026-04-11 15:19:02,014 INFO:finsy:[s1] Channel ready (is_primary=True, role_name=''): pipeline='' version='' arch='v1model'
2026-04-11 15:19:02,014 INFO:finsy:[s1] [s1] Starting FeBEx initialisation...
2026-04-11 15:19:02,015 INFO:finsy:[s1] [s1] Tenant 0: DevAddr 0x00000000/1 → port 11  mac 00:00:00:00:02:01
2026-04-11 15:19:02,016 INFO:finsy:[s1] [s1] Tenant 1: DevAddr 0x80000000/1 → port 12  mac 00:00:00:00:02:02
2026-04-11 15:19:02,050 INFO:febex.controller:CLI register_write FeBExIngress.dedup_enabled 0 1      → OK
2026-04-11 15:19:02,083 INFO:febex.controller:CLI register_write FeBExIngress.current_epoch 0 0      → OK
2026-04-11 15:19:02,083 INFO:finsy:[s1] [s1] Registers: dedup_enabled=1 current_epoch=0
2026-04-11 15:19:02,083 INFO:finsy:[s1] [s1] Epoch rotation every 1.0s
2026-04-11 15:19:02,083 INFO:finsy:[s1] [s1] Controller ready
2026-04-11 15:19:03,130 INFO:febex.controller:CLI register_write FeBExIngress.prev_epoch 0 0         → OK
2026-04-11 15:19:03,164 INFO:febex.controller:CLI register_write FeBExIngress.current_epoch 0 1      → OK
2026-04-11 15:19:03,165 INFO:finsy:[s1-epoch] Epoch → 1 (prev=0)
2026-04-11 15:19:04,206 INFO:febex.controller:CLI register_write FeBExIngress.prev_epoch 0 1         → OK
2026-04-11 15:19:04,249 INFO:febex.controller:CLI register_write FeBExIngress.current_epoch 0 2      → OK
2026-04-11 15:19:04,249 INFO:finsy:[s1-epoch] Epoch → 2 (prev=1)
2026-04-11 15:19:05,296 INFO:febex.controller:CLI register_write FeBExIngress.prev_epoch 0 2         → OK
2026-04-11 15:19:05,341 INFO:febex.controller:CLI register_write FeBExIngress.current_epoch 0 3      → OK
2026-04-11 15:19:05,341 INFO:finsy:[s1-epoch] Epoch → 3 (prev=2)
2026-04-11 15:19:06,382 INFO:febex.controller:CLI register_write FeBExIngress.prev_epoch 0 3         → OK
2026-04-11 15:19:06,418 INFO:febex.controller:CLI register_write FeBExIngress.current_epoch 0 4      → OK
2026-04-11 15:19:06,418 INFO:finsy:[s1-epoch] Epoch → 4 (prev=3)
2026-04-11 15:19:07,454 INFO:febex.controller:CLI register_write FeBExIngress.prev_epoch 0 4         → OK
2026-04-11 15:19:07,494 INFO:febex.controller:CLI register_write FeBExIngress.current_epoch 0 5      → OK
2026-04-11 15:19:07,494 INFO:finsy:[s1-epoch] Epoch → 5 (prev=4)
2026-04-11 15:19:08,531 INFO:febex.controller:CLI register_write FeBExIngress.prev_epoch 0 5         → OK
2026-04-11 15:19:08,569 INFO:febex.controller:CLI register_write FeBExIngress.current_epoch 0 6      → OK
2026-04-11 15:19:08,569 INFO:finsy:[s1-epoch] Epoch → 6 (prev=5)
2026-04-11 15:19:09,606 INFO:febex.controller:CLI register_write FeBExIngress.prev_epoch 0 6         → OK
2026-04-11 15:19:09,642 INFO:febex.controller:CLI register_write FeBExIngress.current_epoch 0 7      → OK
2026-04-11 15:19:09,642 INFO:finsy:[s1-epoch] Epoch → 7 (prev=6)
2026-04-11 15:19:10,679 INFO:febex.controller:CLI register_write FeBExIngress.prev_epoch 0 7         → OK
2026-04-11 15:19:10,713 INFO:febex.controller:CLI register_write FeBExIngress.current_epoch 0 8      → OK
2026-04-11 15:19:10,713 INFO:finsy:[s1-epoch] Epoch → 8 (prev=7)
2026-04-11 15:19:11,752 INFO:febex.controller:CLI register_write FeBExIngress.prev_epoch 0 8         → OK
2026-04-11 15:19:11,787 INFO:febex.controller:CLI register_write FeBExIngress.current_epoch 0 9      → OK
2026-04-11 15:19:11,788 INFO:finsy:[s1-epoch] Epoch → 9 (prev=8)
2026-04-11 15:19:12,827 INFO:febex.controller:CLI register_write FeBExIngress.prev_epoch 0 9         → OK
2026-04-11 15:19:12,869 INFO:febex.controller:CLI register_write FeBExIngress.current_epoch 0 10     → OK
2026-04-11 15:19:12,869 INFO:finsy:[s1-epoch] Epoch → 10 (prev=9)
2026-04-11 15:19:13,908 INFO:febex.controller:CLI register_write FeBExIngress.prev_epoch 0 10        → OK
2026-04-11 15:19:13,944 INFO:febex.controller:CLI register_write FeBExIngress.current_epoch 0 11     → OK
2026-04-11 15:19:13,944 INFO:finsy:[s1-epoch] Epoch → 11 (prev=10)
2026-04-11 15:19:14,983 INFO:febex.controller:CLI register_write FeBExIngress.prev_epoch 0 11        → OK
2026-04-11 15:19:15,018 INFO:febex.controller:CLI register_write FeBExIngress.current_epoch 0 12     → OK
2026-04-11 15:19:15,019 INFO:finsy:[s1-epoch] Epoch → 12 (prev=11)
2026-04-11 15:19:16,057 INFO:febex.controller:CLI register_write FeBExIngress.prev_epoch 0 12        → OK
2026-04-11 15:19:16,093 INFO:febex.controller:CLI register_write FeBExIngress.current_epoch 0 13     → OK
2026-04-11 15:19:16,094 INFO:finsy:[s1-epoch] Epoch → 13 (prev=12)
2026-04-11 15:19:17,131 INFO:febex.controller:CLI register_write FeBExIngress.prev_epoch 0 13        → OK
2026-04-11 15:19:17,164 INFO:febex.controller:CLI register_write FeBExIngress.current_epoch 0 14     → OK
2026-04-11 15:19:17,165 INFO:finsy:[s1-epoch] Epoch → 14 (prev=13)
2026-04-11 15:19:18,202 INFO:febex.controller:CLI register_write FeBExIngress.prev_epoch 0 14        → OK
2026-04-11 15:19:18,237 INFO:febex.controller:CLI register_write FeBExIngress.current_epoch 0 15     → OK
2026-04-11 15:19:18,237 INFO:finsy:[s1-epoch] Epoch → 15 (prev=14)
2026-04-11 15:19:19,282 INFO:febex.controller:CLI register_write FeBExIngress.prev_epoch 0 15        → OK
2026-04-11 15:19:19,317 INFO:febex.controller:CLI register_write FeBExIngress.current_epoch 0 16     → OK
2026-04-11 15:19:19,318 INFO:finsy:[s1-epoch] Epoch → 16 (prev=15)
2026-04-11 15:19:20,353 INFO:febex.controller:CLI register_write FeBExIngress.prev_epoch 0 16        → OK
2026-04-11 15:19:20,388 INFO:febex.controller:CLI register_write FeBExIngress.current_epoch 0 17     → OK
2026-04-11 15:19:20,388 INFO:finsy:[s1-epoch] Epoch → 17 (prev=16)
2026-04-11 15:19:21,425 INFO:febex.controller:CLI register_write FeBExIngress.prev_epoch 0 17        → OK
2026-04-11 15:19:21,462 INFO:febex.controller:CLI register_write FeBExIngress.current_epoch 0 18     → OK
2026-04-11 15:19:21,462 INFO:finsy:[s1-epoch] Epoch → 18 (prev=17)
2026-04-11 15:19:22,500 INFO:febex.controller:CLI register_write FeBExIngress.prev_epoch 0 18        → OK
2026-04-11 15:19:22,535 INFO:febex.controller:CLI register_write FeBExIngress.current_epoch 0 19     → OK
2026-04-11 15:19:22,535 INFO:finsy:[s1-epoch] Epoch → 19 (prev=18)
2026-04-11 15:19:23,027 INFO:finsy:[s1] Channel down (is_primary=True, role_name='')
2026-04-11 15:19:23,027 INFO:finsy:[s1] Switch stop (name='s1', address='127.0.0.1:50051', device_id=1, role_name='')
