2026-03-28 19:09:49,174 INFO:febex.controller:Controller process starting (pid=5068)
2026-03-28 19:09:49,226 INFO:febex.controller:Connecting to 127.0.0.1:50051 (device_id=1)
2026-03-28 19:09:49,226 INFO:febex.controller:P4Info: /media/sf_FeBEx/build/p4/febex.p4info.txtpb
2026-03-28 19:09:49,226 INFO:febex.controller:Binary: /media/sf_FeBEx/build/p4/febex.json
2026-03-28 19:09:49,228 INFO:finsy:[s1] Switch start (name='s1', address='127.0.0.1:50051', device_id=1, role_name='', initial_election_id=10)
2026-03-28 19:09:49,230 WARNING:finsy:[s1|Switch._run&] gNMI is not implemented
2026-03-28 19:09:49,231 INFO:finsy:[s1] Channel up (is_primary=True, role_name='', p4r=1.3.0): 
2026-03-28 19:09:49,253 INFO:finsy:[s1] Pipeline installed: pipeline='' version='' arch='v1model'
2026-03-28 19:09:49,254 INFO:finsy:[s1] Channel ready (is_primary=True, role_name=''): pipeline='' version='' arch='v1model'
2026-03-28 19:09:49,254 INFO:finsy:[s1] [s1] Starting FeBEx initialisation...
2026-03-28 19:09:49,256 INFO:finsy:[s1] [s1] Tenant 0: DevAddr 0x00000000/0 → port 3  mac 00:00:00:00:02:01
2026-03-28 19:09:49,291 INFO:febex.controller:CLI register_write FeBExIngress.dedup_enabled 0 1      → OK
2026-03-28 19:09:49,325 INFO:febex.controller:CLI register_write FeBExIngress.current_epoch 0 0      → OK
2026-03-28 19:09:49,325 INFO:finsy:[s1] [s1] Registers: dedup_enabled=1 current_epoch=0
2026-03-28 19:09:49,360 INFO:febex.controller:CLI mirroring_add 100 4                                → OK
2026-03-28 19:09:49,360 INFO:finsy:[s1] [s1] Mirror session 100 → port 4
2026-03-28 19:09:49,360 INFO:finsy:[s1] [s1] Epoch rotation every 60.0s
2026-03-28 19:09:49,360 INFO:finsy:[s1] [s1] Controller ready
2026-03-28 19:09:57,456 INFO:finsy:[s1] Channel down (is_primary=True, role_name='')
2026-03-28 19:09:57,456 INFO:finsy:[s1] Switch stop (name='s1', address='127.0.0.1:50051', device_id=1, role_name='')
