2026-04-11 15:18:27,178 INFO:febex.controller:Controller process starting (pid=7534)
2026-04-11 15:18:27,228 INFO:febex.controller:Connecting to 127.0.0.1:50051 (device_id=1)
2026-04-11 15:18:27,229 INFO:febex.controller:P4Info: /media/sf_FeBEx/build/p4/febex.p4info.txtpb
2026-04-11 15:18:27,229 INFO:febex.controller:Binary: /media/sf_FeBEx/build/p4/febex.json
2026-04-11 15:18:27,230 INFO:finsy:[s1] Switch start (name='s1', address='127.0.0.1:50051', device_id=1, role_name='', initial_election_id=10)
2026-04-11 15:18:27,233 WARNING:finsy:[s1|Switch._run&] gNMI is not implemented
2026-04-11 15:18:27,234 INFO:finsy:[s1] Channel up (is_primary=True, role_name='', p4r=1.3.0): 
2026-04-11 15:18:27,256 INFO:finsy:[s1] Pipeline installed: pipeline='' version='' arch='v1model'
2026-04-11 15:18:27,256 INFO:finsy:[s1] Channel ready (is_primary=True, role_name=''): pipeline='' version='' arch='v1model'
2026-04-11 15:18:27,256 INFO:finsy:[s1] [s1] Starting FeBEx initialisation...
2026-04-11 15:18:27,258 INFO:finsy:[s1] [s1] Tenant 0: DevAddr 0x00000000/1 → port 11  mac 00:00:00:00:02:01
2026-04-11 15:18:27,258 INFO:finsy:[s1] [s1] Tenant 1: DevAddr 0x80000000/1 → port 12  mac 00:00:00:00:02:02
2026-04-11 15:18:27,294 INFO:febex.controller:CLI register_write FeBExIngress.dedup_enabled 0 1      → OK
2026-04-11 15:18:27,328 INFO:febex.controller:CLI register_write FeBExIngress.current_epoch 0 0      → OK
2026-04-11 15:18:27,328 INFO:finsy:[s1] [s1] Registers: dedup_enabled=1 current_epoch=0
2026-04-11 15:18:27,328 INFO:finsy:[s1] [s1] Epoch rotation every 1.0s
2026-04-11 15:18:27,328 INFO:finsy:[s1] [s1] Controller ready
2026-04-11 15:18:28,365 INFO:febex.controller:CLI register_write FeBExIngress.current_epoch 0 1      → OK
2026-04-11 15:18:28,365 INFO:finsy:[s1-epoch] Epoch → 1
2026-04-11 15:18:29,419 INFO:febex.controller:CLI register_write FeBExIngress.current_epoch 0 2      → OK
2026-04-11 15:18:29,419 INFO:finsy:[s1-epoch] Epoch → 2
2026-04-11 15:18:30,457 INFO:febex.controller:CLI register_write FeBExIngress.current_epoch 0 3      → OK
2026-04-11 15:18:30,457 INFO:finsy:[s1-epoch] Epoch → 3
2026-04-11 15:18:31,494 INFO:febex.controller:CLI register_write FeBExIngress.current_epoch 0 4      → OK
2026-04-11 15:18:31,494 INFO:finsy:[s1-epoch] Epoch → 4
2026-04-11 15:18:32,536 INFO:febex.controller:CLI register_write FeBExIngress.current_epoch 0 5      → OK
2026-04-11 15:18:32,537 INFO:finsy:[s1-epoch] Epoch → 5
2026-04-11 15:18:33,571 INFO:febex.controller:CLI register_write FeBExIngress.current_epoch 0 6      → OK
2026-04-11 15:18:33,572 INFO:finsy:[s1-epoch] Epoch → 6
2026-04-11 15:18:34,609 INFO:febex.controller:CLI register_write FeBExIngress.current_epoch 0 7      → OK
2026-04-11 15:18:34,609 INFO:finsy:[s1-epoch] Epoch → 7
2026-04-11 15:18:35,649 INFO:febex.controller:CLI register_write FeBExIngress.current_epoch 0 8      → OK
2026-04-11 15:18:35,649 INFO:finsy:[s1-epoch] Epoch → 8
2026-04-11 15:18:36,688 INFO:febex.controller:CLI register_write FeBExIngress.current_epoch 0 9      → OK
2026-04-11 15:18:36,688 INFO:finsy:[s1-epoch] Epoch → 9
2026-04-11 15:18:37,725 INFO:febex.controller:CLI register_write FeBExIngress.current_epoch 0 10     → OK
2026-04-11 15:18:37,725 INFO:finsy:[s1-epoch] Epoch → 10
2026-04-11 15:18:38,764 INFO:febex.controller:CLI register_write FeBExIngress.current_epoch 0 11     → OK
2026-04-11 15:18:38,765 INFO:finsy:[s1-epoch] Epoch → 11
2026-04-11 15:18:39,807 INFO:febex.controller:CLI register_write FeBExIngress.current_epoch 0 12     → OK
2026-04-11 15:18:39,807 INFO:finsy:[s1-epoch] Epoch → 12
2026-04-11 15:18:40,845 INFO:febex.controller:CLI register_write FeBExIngress.current_epoch 0 13     → OK
2026-04-11 15:18:40,845 INFO:finsy:[s1-epoch] Epoch → 13
2026-04-11 15:18:41,885 INFO:febex.controller:CLI register_write FeBExIngress.current_epoch 0 14     → OK
2026-04-11 15:18:41,885 INFO:finsy:[s1-epoch] Epoch → 14
2026-04-11 15:18:42,922 INFO:febex.controller:CLI register_write FeBExIngress.current_epoch 0 15     → OK
2026-04-11 15:18:42,922 INFO:finsy:[s1-epoch] Epoch → 15
2026-04-11 15:18:43,962 INFO:febex.controller:CLI register_write FeBExIngress.current_epoch 0 16     → OK
2026-04-11 15:18:43,962 INFO:finsy:[s1-epoch] Epoch → 16
2026-04-11 15:18:44,998 INFO:febex.controller:CLI register_write FeBExIngress.current_epoch 0 17     → OK
2026-04-11 15:18:44,999 INFO:finsy:[s1-epoch] Epoch → 17
2026-04-11 15:18:46,046 INFO:febex.controller:CLI register_write FeBExIngress.current_epoch 0 18     → OK
2026-04-11 15:18:46,047 INFO:finsy:[s1-epoch] Epoch → 18
2026-04-11 15:18:47,083 INFO:febex.controller:CLI register_write FeBExIngress.current_epoch 0 19     → OK
2026-04-11 15:18:47,083 INFO:finsy:[s1-epoch] Epoch → 19
2026-04-11 15:18:48,130 INFO:febex.controller:CLI register_write FeBExIngress.current_epoch 0 20     → OK
2026-04-11 15:18:48,131 INFO:finsy:[s1-epoch] Epoch → 20
2026-04-11 15:18:48,190 INFO:finsy:[s1] Channel down (is_primary=True, role_name='')
2026-04-11 15:18:48,190 INFO:finsy:[s1] Switch stop (name='s1', address='127.0.0.1:50051', device_id=1, role_name='')
