2026-03-30 16:52:15,354 INFO:febex.controller:Controller process starting (pid=46219)
2026-03-30 16:52:15,409 INFO:febex.controller:Connecting to 127.0.0.1:50051 (device_id=1)
2026-03-30 16:52:15,409 INFO:febex.controller:P4Info: /media/sf_FeBEx/build/p4/febex.p4info.txtpb
2026-03-30 16:52:15,409 INFO:febex.controller:Binary: /media/sf_FeBEx/build/p4/febex.json
2026-03-30 16:52:15,411 INFO:finsy:[s1] Switch start (name='s1', address='127.0.0.1:50051', device_id=1, role_name='', initial_election_id=10)
2026-03-30 16:52:15,414 WARNING:finsy:[s1|Switch._run&] gNMI is not implemented
2026-03-30 16:52:15,414 INFO:finsy:[s1] Channel up (is_primary=True, role_name='', p4r=1.3.0): 
2026-03-30 16:52:15,438 INFO:finsy:[s1] Pipeline installed: pipeline='' version='' arch='v1model'
2026-03-30 16:52:15,438 INFO:finsy:[s1] Channel ready (is_primary=True, role_name=''): pipeline='' version='' arch='v1model'
2026-03-30 16:52:15,438 INFO:finsy:[s1] [s1] Starting FeBEx initialisation...
2026-03-30 16:52:15,440 INFO:finsy:[s1] [s1] Tenant 0: DevAddr 0x00000000/1 → port 11  mac 00:00:00:00:02:01
2026-03-30 16:52:15,440 INFO:finsy:[s1] [s1] Tenant 1: DevAddr 0x80000000/1 → port 12  mac 00:00:00:00:02:02
2026-03-30 16:52:15,478 INFO:febex.controller:CLI register_write FeBExIngress.dedup_enabled 0 1      → OK
2026-03-30 16:52:15,515 INFO:febex.controller:CLI register_write FeBExIngress.current_epoch 0 0      → OK
2026-03-30 16:52:15,515 INFO:finsy:[s1] [s1] Registers: dedup_enabled=1 current_epoch=0
2026-03-30 16:52:15,516 INFO:finsy:[s1] [s1] Epoch rotation every 0.5s
2026-03-30 16:52:15,516 INFO:finsy:[s1] [s1] Controller ready
2026-03-30 16:52:16,055 INFO:febex.controller:CLI register_write FeBExIngress.current_epoch 0 1      → OK
2026-03-30 16:52:16,055 INFO:finsy:[s1-epoch] Epoch → 1
2026-03-30 16:52:16,599 INFO:febex.controller:CLI register_write FeBExIngress.current_epoch 0 2      → OK
2026-03-30 16:52:16,600 INFO:finsy:[s1-epoch] Epoch → 2
2026-03-30 16:52:17,166 INFO:febex.controller:CLI register_write FeBExIngress.current_epoch 0 3      → OK
2026-03-30 16:52:17,166 INFO:finsy:[s1-epoch] Epoch → 3
2026-03-30 16:52:17,712 INFO:febex.controller:CLI register_write FeBExIngress.current_epoch 0 4      → OK
2026-03-30 16:52:17,712 INFO:finsy:[s1-epoch] Epoch → 4
2026-03-30 16:52:18,258 INFO:febex.controller:CLI register_write FeBExIngress.current_epoch 0 5      → OK
2026-03-30 16:52:18,258 INFO:finsy:[s1-epoch] Epoch → 5
2026-03-30 16:52:18,796 INFO:febex.controller:CLI register_write FeBExIngress.current_epoch 0 6      → OK
2026-03-30 16:52:18,796 INFO:finsy:[s1-epoch] Epoch → 6
2026-03-30 16:52:19,336 INFO:febex.controller:CLI register_write FeBExIngress.current_epoch 0 7      → OK
2026-03-30 16:52:19,337 INFO:finsy:[s1-epoch] Epoch → 7
2026-03-30 16:52:19,880 INFO:febex.controller:CLI register_write FeBExIngress.current_epoch 0 8      → OK
2026-03-30 16:52:19,881 INFO:finsy:[s1-epoch] Epoch → 8
2026-03-30 16:52:20,425 INFO:febex.controller:CLI register_write FeBExIngress.current_epoch 0 9      → OK
2026-03-30 16:52:20,426 INFO:finsy:[s1-epoch] Epoch → 9
2026-03-30 16:52:20,963 INFO:febex.controller:CLI register_write FeBExIngress.current_epoch 0 10     → OK
2026-03-30 16:52:20,963 INFO:finsy:[s1-epoch] Epoch → 10
2026-03-30 16:52:21,506 INFO:febex.controller:CLI register_write FeBExIngress.current_epoch 0 11     → OK
2026-03-30 16:52:21,507 INFO:finsy:[s1-epoch] Epoch → 11
2026-03-30 16:52:22,050 INFO:febex.controller:CLI register_write FeBExIngress.current_epoch 0 12     → OK
2026-03-30 16:52:22,050 INFO:finsy:[s1-epoch] Epoch → 12
2026-03-30 16:52:22,586 INFO:febex.controller:CLI register_write FeBExIngress.current_epoch 0 13     → OK
2026-03-30 16:52:22,586 INFO:finsy:[s1-epoch] Epoch → 13
2026-03-30 16:52:23,126 INFO:febex.controller:CLI register_write FeBExIngress.current_epoch 0 14     → OK
2026-03-30 16:52:23,126 INFO:finsy:[s1-epoch] Epoch → 14
2026-03-30 16:52:23,663 INFO:febex.controller:CLI register_write FeBExIngress.current_epoch 0 15     → OK
2026-03-30 16:52:23,663 INFO:finsy:[s1-epoch] Epoch → 15
2026-03-30 16:52:24,205 INFO:febex.controller:CLI register_write FeBExIngress.current_epoch 0 16     → OK
2026-03-30 16:52:24,205 INFO:finsy:[s1-epoch] Epoch → 16
2026-03-30 16:52:24,741 INFO:febex.controller:CLI register_write FeBExIngress.current_epoch 0 17     → OK
2026-03-30 16:52:24,742 INFO:finsy:[s1-epoch] Epoch → 17
2026-03-30 16:52:25,286 INFO:febex.controller:CLI register_write FeBExIngress.current_epoch 0 18     → OK
2026-03-30 16:52:25,286 INFO:finsy:[s1-epoch] Epoch → 18
2026-03-30 16:52:25,834 INFO:febex.controller:CLI register_write FeBExIngress.current_epoch 0 19     → OK
2026-03-30 16:52:25,834 INFO:finsy:[s1-epoch] Epoch → 19
2026-03-30 16:52:26,375 INFO:febex.controller:CLI register_write FeBExIngress.current_epoch 0 20     → OK
2026-03-30 16:52:26,375 INFO:finsy:[s1-epoch] Epoch → 20
2026-03-30 16:52:26,609 INFO:finsy:[s1] Channel down (is_primary=True, role_name='')
2026-03-30 16:52:26,610 INFO:finsy:[s1] Switch stop (name='s1', address='127.0.0.1:50051', device_id=1, role_name='')
