2026-04-14 12:11:10,187 INFO:febex.controller:Controller process starting (pid=16983)
2026-04-14 12:11:10,235 INFO:febex.controller:Connecting to 127.0.0.1:50051 (device_id=1)
2026-04-14 12:11:10,235 INFO:febex.controller:P4Info: /media/sf_FeBEx/build/p4/febex.p4info.txtpb
2026-04-14 12:11:10,235 INFO:febex.controller:Binary: /media/sf_FeBEx/build/p4/febex.json
2026-04-14 12:11:10,237 INFO:finsy:[s1] Switch start (name='s1', address='127.0.0.1:50051', device_id=1, role_name='', initial_election_id=10)
2026-04-14 12:11:10,240 WARNING:finsy:[s1|Switch._run&] gNMI is not implemented
2026-04-14 12:11:10,240 INFO:finsy:[s1] Channel up (is_primary=True, role_name='', p4r=1.3.0): 
2026-04-14 12:11:10,262 INFO:finsy:[s1] Pipeline installed: pipeline='' version='' arch='v1model'
2026-04-14 12:11:10,262 INFO:finsy:[s1] Channel ready (is_primary=True, role_name=''): pipeline='' version='' arch='v1model'
2026-04-14 12:11:10,262 INFO:finsy:[s1] [s1] Starting FeBEx initialisation...
2026-04-14 12:11:10,264 INFO:finsy:[s1] [s1] Tenant 0: DevAddr 0x00000000/1 → port 11  mac 00:00:00:00:02:01
2026-04-14 12:11:10,264 INFO:finsy:[s1] [s1] Tenant 1: DevAddr 0x80000000/1 → port 12  mac 00:00:00:00:02:02
2026-04-14 12:11:10,300 INFO:febex.controller:CLI register_write FeBExIngress.dedup_enabled 0 1      → OK
2026-04-14 12:11:10,335 INFO:febex.controller:CLI register_write FeBExIngress.current_epoch 0 0      → OK
2026-04-14 12:11:10,335 INFO:finsy:[s1] [s1] Registers: dedup_enabled=1 current_epoch=0
2026-04-14 12:11:10,335 INFO:finsy:[s1] [s1] Epoch rotation every 60.0s
2026-04-14 12:11:10,335 INFO:finsy:[s1] [s1] Controller ready
2026-04-14 12:12:10,433 INFO:febex.controller:CLI register_write FeBExIngress.current_epoch 0 1      → OK
2026-04-14 12:12:10,433 INFO:finsy:[s1-epoch] Epoch → 1
2026-04-14 12:13:10,533 INFO:febex.controller:CLI register_write FeBExIngress.current_epoch 0 2      → OK
2026-04-14 12:13:10,534 INFO:finsy:[s1-epoch] Epoch → 2
2026-04-14 12:13:17,538 INFO:finsy:[s1] Channel down (is_primary=True, role_name='')
2026-04-14 12:13:17,538 INFO:finsy:[s1] Switch stop (name='s1', address='127.0.0.1:50051', device_id=1, role_name='')
