2026-04-11 15:19:37,124 INFO:febex.controller:Controller process starting (pid=8860)
2026-04-11 15:19:37,175 INFO:febex.controller:Connecting to 127.0.0.1:50051 (device_id=1)
2026-04-11 15:19:37,175 INFO:febex.controller:P4Info: /media/sf_FeBEx/build/p4/febex.p4info.txtpb
2026-04-11 15:19:37,175 INFO:febex.controller:Binary: /media/sf_FeBEx/build/p4/febex.json
2026-04-11 15:19:37,177 INFO:finsy:[s1] Switch start (name='s1', address='127.0.0.1:50051', device_id=1, role_name='', initial_election_id=10)
2026-04-11 15:19:37,181 WARNING:finsy:[s1|Switch._run&] gNMI is not implemented
2026-04-11 15:19:37,181 INFO:finsy:[s1] Channel up (is_primary=True, role_name='', p4r=1.3.0): 
2026-04-11 15:19:37,220 INFO:finsy:[s1] Pipeline installed: pipeline='' version='' arch='v1model'
2026-04-11 15:19:37,221 INFO:finsy:[s1] Channel ready (is_primary=True, role_name=''): pipeline='' version='' arch='v1model'
2026-04-11 15:19:37,221 INFO:finsy:[s1] [s1] Starting FeBEx initialisation...
2026-04-11 15:19:37,223 INFO:finsy:[s1] [s1] Tenant 0: DevAddr 0x00000000/1 → port 11  mac 00:00:00:00:02:01
2026-04-11 15:19:37,223 INFO:finsy:[s1] [s1] Tenant 1: DevAddr 0x80000000/1 → port 12  mac 00:00:00:00:02:02
2026-04-11 15:19:37,261 INFO:febex.controller:CLI register_write FeBExIngress.dedup_enabled 0 1      → OK
2026-04-11 15:19:37,296 INFO:febex.controller:CLI register_write FeBExIngress.current_epoch 0 0      → OK
2026-04-11 15:19:37,296 INFO:finsy:[s1] [s1] Registers: dedup_enabled=1 current_epoch=0
2026-04-11 15:19:37,296 INFO:finsy:[s1] [s1] Epoch rotation every 1.0s
2026-04-11 15:19:37,296 INFO:finsy:[s1] [s1] Controller ready
2026-04-11 15:19:38,333 INFO:febex.controller:CLI register_write FeBExIngress.current_epoch 0 1      → OK
2026-04-11 15:19:38,333 INFO:finsy:[s1-epoch] Epoch → 1
2026-04-11 15:19:39,370 INFO:febex.controller:CLI register_write FeBExIngress.current_epoch 0 2      → OK
2026-04-11 15:19:39,370 INFO:finsy:[s1-epoch] Epoch → 2
2026-04-11 15:19:40,407 INFO:febex.controller:CLI register_write FeBExIngress.current_epoch 0 3      → OK
2026-04-11 15:19:40,407 INFO:finsy:[s1-epoch] Epoch → 3
2026-04-11 15:19:41,443 INFO:febex.controller:CLI register_write FeBExIngress.current_epoch 0 4      → OK
2026-04-11 15:19:41,443 INFO:finsy:[s1-epoch] Epoch → 4
2026-04-11 15:19:42,479 INFO:febex.controller:CLI register_write FeBExIngress.current_epoch 0 5      → OK
2026-04-11 15:19:42,480 INFO:finsy:[s1-epoch] Epoch → 5
2026-04-11 15:19:43,517 INFO:febex.controller:CLI register_write FeBExIngress.current_epoch 0 6      → OK
2026-04-11 15:19:43,517 INFO:finsy:[s1-epoch] Epoch → 6
2026-04-11 15:19:44,553 INFO:febex.controller:CLI register_write FeBExIngress.current_epoch 0 7      → OK
2026-04-11 15:19:44,553 INFO:finsy:[s1-epoch] Epoch → 7
2026-04-11 15:19:45,592 INFO:febex.controller:CLI register_write FeBExIngress.current_epoch 0 8      → OK
2026-04-11 15:19:45,592 INFO:finsy:[s1-epoch] Epoch → 8
2026-04-11 15:19:46,630 INFO:febex.controller:CLI register_write FeBExIngress.current_epoch 0 9      → OK
2026-04-11 15:19:46,630 INFO:finsy:[s1-epoch] Epoch → 9
2026-04-11 15:19:47,669 INFO:febex.controller:CLI register_write FeBExIngress.current_epoch 0 10     → OK
2026-04-11 15:19:47,670 INFO:finsy:[s1-epoch] Epoch → 10
2026-04-11 15:19:48,709 INFO:febex.controller:CLI register_write FeBExIngress.current_epoch 0 11     → OK
2026-04-11 15:19:48,710 INFO:finsy:[s1-epoch] Epoch → 11
2026-04-11 15:19:49,750 INFO:febex.controller:CLI register_write FeBExIngress.current_epoch 0 12     → OK
2026-04-11 15:19:49,751 INFO:finsy:[s1-epoch] Epoch → 12
2026-04-11 15:19:50,789 INFO:febex.controller:CLI register_write FeBExIngress.current_epoch 0 13     → OK
2026-04-11 15:19:50,790 INFO:finsy:[s1-epoch] Epoch → 13
2026-04-11 15:19:51,827 INFO:febex.controller:CLI register_write FeBExIngress.current_epoch 0 14     → OK
2026-04-11 15:19:51,827 INFO:finsy:[s1-epoch] Epoch → 14
2026-04-11 15:19:52,865 INFO:febex.controller:CLI register_write FeBExIngress.current_epoch 0 15     → OK
2026-04-11 15:19:52,865 INFO:finsy:[s1-epoch] Epoch → 15
2026-04-11 15:19:53,906 INFO:febex.controller:CLI register_write FeBExIngress.current_epoch 0 16     → OK
2026-04-11 15:19:53,906 INFO:finsy:[s1-epoch] Epoch → 16
2026-04-11 15:19:54,944 INFO:febex.controller:CLI register_write FeBExIngress.current_epoch 0 17     → OK
2026-04-11 15:19:54,944 INFO:finsy:[s1-epoch] Epoch → 17
2026-04-11 15:19:55,988 INFO:febex.controller:CLI register_write FeBExIngress.current_epoch 0 18     → OK
2026-04-11 15:19:55,988 INFO:finsy:[s1-epoch] Epoch → 18
2026-04-11 15:19:57,026 INFO:febex.controller:CLI register_write FeBExIngress.current_epoch 0 19     → OK
2026-04-11 15:19:57,026 INFO:finsy:[s1-epoch] Epoch → 19
2026-04-11 15:19:58,064 INFO:febex.controller:CLI register_write FeBExIngress.current_epoch 0 20     → OK
2026-04-11 15:19:58,064 INFO:finsy:[s1-epoch] Epoch → 20
2026-04-11 15:19:58,157 INFO:finsy:[s1] Channel down (is_primary=True, role_name='')
2026-04-11 15:19:58,157 INFO:finsy:[s1] Switch stop (name='s1', address='127.0.0.1:50051', device_id=1, role_name='')
