2026-03-30 16:48:46,164 INFO:febex.controller:Controller process starting (pid=42309)
2026-03-30 16:48:46,215 INFO:febex.controller:Connecting to 127.0.0.1:50051 (device_id=1)
2026-03-30 16:48:46,215 INFO:febex.controller:P4Info: /media/sf_FeBEx/build/p4/febex.p4info.txtpb
2026-03-30 16:48:46,215 INFO:febex.controller:Binary: /media/sf_FeBEx/build/p4/febex.json
2026-03-30 16:48:46,217 INFO:finsy:[s1] Switch start (name='s1', address='127.0.0.1:50051', device_id=1, role_name='', initial_election_id=10)
2026-03-30 16:48:46,220 WARNING:finsy:[s1|Switch._run&] gNMI is not implemented
2026-03-30 16:48:46,220 INFO:finsy:[s1] Channel up (is_primary=True, role_name='', p4r=1.3.0): 
2026-03-30 16:48:46,244 INFO:finsy:[s1] Pipeline installed: pipeline='' version='' arch='v1model'
2026-03-30 16:48:46,244 INFO:finsy:[s1] Channel ready (is_primary=True, role_name=''): pipeline='' version='' arch='v1model'
2026-03-30 16:48:46,244 INFO:finsy:[s1] [s1] Starting FeBEx initialisation...
2026-03-30 16:48:46,246 INFO:finsy:[s1] [s1] Tenant 0: DevAddr 0x00000000/1 → port 51  mac 00:00:00:00:02:01
2026-03-30 16:48:46,246 INFO:finsy:[s1] [s1] Tenant 1: DevAddr 0x80000000/1 → port 52  mac 00:00:00:00:02:02
2026-03-30 16:48:46,288 INFO:febex.controller:CLI register_write FeBExIngress.dedup_enabled 0 1      → OK
2026-03-30 16:48:46,327 INFO:febex.controller:CLI register_write FeBExIngress.current_epoch 0 0      → OK
2026-03-30 16:48:46,327 INFO:finsy:[s1] [s1] Registers: dedup_enabled=1 current_epoch=0
2026-03-30 16:48:46,328 INFO:finsy:[s1] [s1] Epoch rotation every 5.0s
2026-03-30 16:48:46,328 INFO:finsy:[s1] [s1] Controller ready
2026-03-30 16:48:51,457 INFO:febex.controller:CLI register_write FeBExIngress.current_epoch 0 1      → OK
2026-03-30 16:48:51,462 INFO:finsy:[s1-epoch] Epoch → 1
2026-03-30 16:48:56,531 INFO:febex.controller:CLI register_write FeBExIngress.current_epoch 0 2      → OK
2026-03-30 16:48:56,531 INFO:finsy:[s1-epoch] Epoch → 2
2026-03-30 16:49:01,575 INFO:febex.controller:CLI register_write FeBExIngress.current_epoch 0 3      → OK
2026-03-30 16:49:01,575 INFO:finsy:[s1-epoch] Epoch → 3
2026-03-30 16:49:06,627 INFO:febex.controller:CLI register_write FeBExIngress.current_epoch 0 4      → OK
2026-03-30 16:49:06,627 INFO:finsy:[s1-epoch] Epoch → 4
2026-03-30 16:49:09,839 INFO:finsy:[s1] Channel down (is_primary=True, role_name='')
2026-03-30 16:49:09,839 INFO:finsy:[s1] Switch stop (name='s1', address='127.0.0.1:50051', device_id=1, role_name='')
